e:\project\openglstudy\opengl\opengl\x64\debug\vc143.pdb
e:\project\openglstudy\opengl\opengl\x64\debug\vc143.idb
e:\project\openglstudy\opengl\opengl\x64\debug\glad.obj
e:\project\openglstudy\opengl\opengl\x64\debug\window.obj
e:\project\openglstudy\opengl\opengl\x64\debug\triangle.obj
e:\project\openglstudy\opengl\opengl\x64\debug\main.obj
e:\project\openglstudy\opengl\x64\debug\opengl.pdb
e:\project\openglstudy\opengl\opengl\x64\debug\opengl.tlog\cl.command.1.tlog
e:\project\openglstudy\opengl\opengl\x64\debug\opengl.tlog\cl.read.1.tlog
e:\project\openglstudy\opengl\opengl\x64\debug\opengl.tlog\cl.write.1.tlog
e:\project\openglstudy\opengl\opengl\x64\debug\opengl.tlog\link-cvtres.read.1.tlog
e:\project\openglstudy\opengl\opengl\x64\debug\opengl.tlog\link-cvtres.write.1.tlog
e:\project\openglstudy\opengl\opengl\x64\debug\opengl.tlog\link-rc.read.1.tlog
e:\project\openglstudy\opengl\opengl\x64\debug\opengl.tlog\link-rc.write.1.tlog
e:\project\openglstudy\opengl\opengl\x64\debug\opengl.tlog\link.command.1.tlog
e:\project\openglstudy\opengl\opengl\x64\debug\opengl.tlog\link.read.1.tlog
e:\project\openglstudy\opengl\opengl\x64\debug\opengl.tlog\link.read.2.tlog
e:\project\openglstudy\opengl\opengl\x64\debug\opengl.tlog\link.read.3.tlog
e:\project\openglstudy\opengl\opengl\x64\debug\opengl.tlog\link.read.4.tlog
e:\project\openglstudy\opengl\opengl\x64\debug\opengl.tlog\link.write.1.tlog
